2023-07-18 20:06:36,454 INFO o.a.j.u.JMeterUtils: Setting Locale to en_EN
2023-07-18 20:06:36,486 INFO o.a.j.JMeter: Loading user properties from: C:\Users\rigob\Documents\Instalados\apache-jmeter-5.5\bin\user.properties
2023-07-18 20:06:36,486 INFO o.a.j.JMeter: Loading system properties from: C:\Users\rigob\Documents\Instalados\apache-jmeter-5.5\bin\system.properties
2023-07-18 20:06:36,493 INFO o.a.j.JMeter: Copyright (c) 1998-2022 The Apache Software Foundation
2023-07-18 20:06:36,493 INFO o.a.j.JMeter: Version 5.5
2023-07-18 20:06:36,493 INFO o.a.j.JMeter: java.version=17.0.6
2023-07-18 20:06:36,493 INFO o.a.j.JMeter: java.vm.name=Java HotSpot(TM) 64-Bit Server VM
2023-07-18 20:06:36,493 INFO o.a.j.JMeter: os.name=Windows 11
2023-07-18 20:06:36,493 INFO o.a.j.JMeter: os.arch=amd64
2023-07-18 20:06:36,493 INFO o.a.j.JMeter: os.version=10.0
2023-07-18 20:06:36,493 INFO o.a.j.JMeter: file.encoding=Cp1252
2023-07-18 20:06:36,493 INFO o.a.j.JMeter: java.awt.headless=true
2023-07-18 20:06:36,493 INFO o.a.j.JMeter: Max memory     =1073741824
2023-07-18 20:06:36,493 INFO o.a.j.JMeter: Available Processors =16
2023-07-18 20:06:36,501 INFO o.a.j.JMeter: Default Locale=English (EN)
2023-07-18 20:06:36,501 INFO o.a.j.JMeter: JMeter  Locale=English (EN)
2023-07-18 20:06:36,501 INFO o.a.j.JMeter: JMeterHome=C:\Users\rigob\Documents\Instalados\apache-jmeter-5.5
2023-07-18 20:06:36,501 INFO o.a.j.JMeter: user.dir  =C:\Users\rigob\Documents\RoatingResults
2023-07-18 20:06:36,501 INFO o.a.j.JMeter: PWD       =C:\Users\rigob\Documents\RoatingResults
2023-07-18 20:06:36,501 INFO o.a.j.JMeter: IP: 192.168.0.10 Name: DESKTOP-9L9VGRF FullName: DESKTOP-9L9VGRF
2023-07-18 20:06:36,517 INFO o.a.j.JMeter: Setting property 'jmeter.reportgenerator.outputdir' to:'C:\Users\rigob\Documents\RoatingResults\dashboard_result\reportsQA200'
2023-07-18 20:06:36,519 INFO o.a.j.s.FileServer: Default base='C:\Users\rigob\Documents\RoatingResults'
2023-07-18 20:06:36,519 INFO o.a.j.s.FileServer: Set new base='C:\Users\rigob\Documents\RoatingResults'
2023-07-18 20:06:36,691 INFO o.a.j.s.SaveService: Testplan (JMX) version: 2.2. Testlog (JTL) version: 2.2
2023-07-18 20:06:36,738 INFO o.a.j.s.SaveService: Using SaveService properties version 5.0
2023-07-18 20:06:36,742 INFO o.a.j.s.SaveService: Using SaveService properties file encoding UTF-8
2023-07-18 20:06:36,747 INFO o.a.j.s.SaveService: Loading file: ROUTING_NUMBER.jmx
2023-07-18 20:06:36,806 INFO o.a.j.p.h.s.HTTPSamplerBase: Parser for text/html is org.apache.jmeter.protocol.http.parser.LagartoBasedHtmlParser
2023-07-18 20:06:36,806 INFO o.a.j.p.h.s.HTTPSamplerBase: Parser for application/xhtml+xml is org.apache.jmeter.protocol.http.parser.LagartoBasedHtmlParser
2023-07-18 20:06:36,806 INFO o.a.j.p.h.s.HTTPSamplerBase: Parser for application/xml is org.apache.jmeter.protocol.http.parser.LagartoBasedHtmlParser
2023-07-18 20:06:36,806 INFO o.a.j.p.h.s.HTTPSamplerBase: Parser for text/xml is org.apache.jmeter.protocol.http.parser.LagartoBasedHtmlParser
2023-07-18 20:06:36,806 INFO o.a.j.p.h.s.HTTPSamplerBase: Parser for text/vnd.wap.wml is org.apache.jmeter.protocol.http.parser.RegexpHTMLParser
2023-07-18 20:06:36,806 INFO o.a.j.p.h.s.HTTPSamplerBase: Parser for text/css is org.apache.jmeter.protocol.http.parser.CssParser
2023-07-18 20:06:36,850 INFO o.a.j.JMeter: Creating summariser <summary>
2023-07-18 20:06:36,851 INFO o.a.j.r.d.ReportGenerator: ReportGenerator will use for Parsing the separator: ','
2023-07-18 20:06:36,851 INFO o.a.j.r.d.ReportGenerator: Will generate report at end of test from  results file: data_result/resultadosQA200.csv
2023-07-18 20:06:36,851 INFO o.a.j.r.d.ReportGenerator: Reading report generator properties from: C:\Users\rigob\Documents\Instalados\apache-jmeter-5.5\bin\reportgenerator.properties
2023-07-18 20:06:36,858 INFO o.a.j.r.d.ReportGenerator: Merging with JMeter properties
2023-07-18 20:06:36,862 INFO o.a.j.r.c.ReportGeneratorConfiguration: Property 'jmeter.reportgenerator.temp_dir' not found, using default value 'temp' instead.
2023-07-18 20:06:36,866 INFO o.a.j.r.c.ReportGeneratorConfiguration: Property 'jmeter.reportgenerator.apdex_per_transaction' not found, using default value 'null' instead.
2023-07-18 20:06:36,866 INFO o.a.j.r.c.ReportGeneratorConfiguration: apdex_per_transaction is empty, not APDEX per transaction customization
2023-07-18 20:06:36,866 INFO o.a.j.r.c.ReportGeneratorConfiguration: Property 'jmeter.reportgenerator.sample_filter' not found, using default value 'null' instead.
2023-07-18 20:06:36,866 INFO o.a.j.r.c.ReportGeneratorConfiguration: Property 'jmeter.reportgenerator.report_title' not found, using default value 'null' instead.
2023-07-18 20:06:36,866 INFO o.a.j.r.c.ReportGeneratorConfiguration: Property 'jmeter.reportgenerator.start_date' not found, using default value 'null' instead.
2023-07-18 20:06:36,866 INFO o.a.j.r.c.ReportGeneratorConfiguration: Property 'jmeter.reportgenerator.end_date' not found, using default value 'null' instead.
2023-07-18 20:06:36,866 INFO o.a.j.r.c.ReportGeneratorConfiguration: Property 'jmeter.reportgenerator.date_format' not found, using default value 'null' instead.
2023-07-18 20:06:36,866 INFO o.a.j.r.c.ReportGeneratorConfiguration: Will use date range start date: null, end date: null
2023-07-18 20:06:36,871 INFO o.a.j.r.c.ReportGeneratorConfiguration: Property 'jmeter.reportgenerator.graph.totalTPS.exclude_controllers' not found, using default value 'false' instead.
2023-07-18 20:06:36,871 INFO o.a.j.r.c.ReportGeneratorConfiguration: Property 'jmeter.reportgenerator.graph.activeThreadsOverTime.exclude_controllers' not found, using default value 'false' instead.
2023-07-18 20:06:36,871 INFO o.a.j.r.c.ReportGeneratorConfiguration: Property 'jmeter.reportgenerator.graph.timeVsThreads.exclude_controllers' not found, using default value 'false' instead.
2023-07-18 20:06:36,871 INFO o.a.j.r.c.ReportGeneratorConfiguration: Property 'jmeter.reportgenerator.graph.responseTimeDistribution.exclude_controllers' not found, using default value 'false' instead.
2023-07-18 20:06:36,871 INFO o.a.j.r.c.ReportGeneratorConfiguration: Property 'jmeter.reportgenerator.graph.transactionsPerSecond.exclude_controllers' not found, using default value 'false' instead.
2023-07-18 20:06:36,871 INFO o.a.j.r.c.ReportGeneratorConfiguration: Property 'jmeter.reportgenerator.graph.responseTimePercentiles.exclude_controllers' not found, using default value 'false' instead.
2023-07-18 20:06:36,871 INFO o.a.j.r.c.ReportGeneratorConfiguration: Property 'jmeter.reportgenerator.graph.responseTimePercentilesOverTime.exclude_controllers' not found, using default value 'false' instead.
2023-07-18 20:06:36,871 INFO o.a.j.r.c.ReportGeneratorConfiguration: Property 'jmeter.reportgenerator.graph.responseTimesOverTime.exclude_controllers' not found, using default value 'false' instead.
2023-07-18 20:06:36,871 INFO o.a.j.r.c.ReportGeneratorConfiguration: Property 'jmeter.reportgenerator.graph.connectTimeOverTime.exclude_controllers' not found, using default value 'false' instead.
2023-07-18 20:06:36,871 INFO o.a.j.r.c.ReportGeneratorConfiguration: Property 'jmeter.reportgenerator.graph.latenciesOverTime.exclude_controllers' not found, using default value 'false' instead.
2023-07-18 20:06:36,876 INFO o.a.j.r.c.ReportGeneratorConfiguration: Property 'jmeter.reportgenerator.exporter.json.filters_only_sample_series' not found, using default value 'true' instead.
2023-07-18 20:06:36,876 INFO o.a.j.r.c.ReportGeneratorConfiguration: Property 'jmeter.reportgenerator.exporter.json.series_filter' not found, using default value '' instead.
2023-07-18 20:06:36,876 INFO o.a.j.r.c.ReportGeneratorConfiguration: Property 'jmeter.reportgenerator.exporter.json.show_controllers_only' not found, using default value 'false' instead.
2023-07-18 20:06:36,876 INFO o.a.j.r.c.ReportGeneratorConfiguration: Property 'jmeter.reportgenerator.exporter.html.filters_only_sample_series' not found, using default value 'true' instead.
2023-07-18 20:06:36,876 INFO o.a.j.r.c.ReportGeneratorConfiguration: Property 'jmeter.reportgenerator.exporter.html.series_filter' not found, using default value '' instead.
2023-07-18 20:06:36,876 INFO o.a.j.r.c.ReportGeneratorConfiguration: Property 'jmeter.reportgenerator.exporter.html.show_controllers_only' not found, using default value 'false' instead.
2023-07-18 20:06:36,891 INFO o.a.j.e.StandardJMeterEngine: Running the test!
2023-07-18 20:06:36,891 INFO o.a.j.s.SampleEvent: List of sample_variables: []
2023-07-18 20:06:36,891 INFO o.a.j.s.SampleEvent: List of sample_variables: []
2023-07-18 20:06:36,899 INFO o.a.j.e.u.CompoundVariable: Note: Function class names must contain the string: '.functions.'
2023-07-18 20:06:36,899 INFO o.a.j.e.u.CompoundVariable: Note: Function class names must not contain the string: '.gui.'
2023-07-18 20:06:36,978 INFO o.a.j.JMeter: Running test (1689732396978)
2023-07-18 20:06:36,992 INFO o.a.j.e.StandardJMeterEngine: Starting ThreadGroup: 1 : ROUTING_NUMBER
2023-07-18 20:06:36,992 INFO o.a.j.e.StandardJMeterEngine: Starting 200 threads for group ROUTING_NUMBER.
2023-07-18 20:06:36,992 INFO o.a.j.e.StandardJMeterEngine: Test will stop on error
2023-07-18 20:06:36,992 INFO o.a.j.t.ThreadGroup: Starting thread group... number=1 threads=200 ramp-up=1 delayedStart=false
2023-07-18 20:06:37,008 INFO o.a.j.t.JMeterThread: Thread started: ROUTING_NUMBER 1-2
2023-07-18 20:06:37,008 INFO o.a.j.t.JMeterThread: Thread started: ROUTING_NUMBER 1-1
2023-07-18 20:06:37,008 INFO o.a.j.t.JMeterThread: Thread started: ROUTING_NUMBER 1-3
2023-07-18 20:06:37,011 INFO o.a.j.t.JMeterThread: Thread started: ROUTING_NUMBER 1-4
2023-07-18 20:06:37,013 INFO o.a.j.t.JMeterThread: Thread started: ROUTING_NUMBER 1-5
2023-07-18 20:06:37,021 INFO o.a.j.t.JMeterThread: Thread started: ROUTING_NUMBER 1-6
2023-07-18 20:06:37,024 INFO o.a.j.t.JMeterThread: Thread started: ROUTING_NUMBER 1-7
2023-07-18 20:06:37,030 INFO o.a.j.t.JMeterThread: Thread started: ROUTING_NUMBER 1-8
2023-07-18 20:06:37,035 INFO o.a.j.t.JMeterThread: Thread started: ROUTING_NUMBER 1-9
2023-07-18 20:06:37,036 INFO o.a.j.p.h.s.HTTPHCAbstractImpl: Local host = DESKTOP-9L9VGRF
2023-07-18 20:06:37,039 INFO o.a.j.t.JMeterThread: Thread started: ROUTING_NUMBER 1-10
2023-07-18 20:06:37,045 INFO o.a.j.t.JMeterThread: Thread started: ROUTING_NUMBER 1-11
2023-07-18 20:06:37,046 INFO o.a.j.p.h.s.HTTPHC4Impl: HTTP request retry count = 0
2023-07-18 20:06:37,049 INFO o.a.j.s.SampleResult: Note: Sample TimeStamps are START times
2023-07-18 20:06:37,049 INFO o.a.j.s.SampleResult: sampleresult.default.encoding is set to ISO-8859-1
2023-07-18 20:06:37,049 INFO o.a.j.t.JMeterThread: Thread started: ROUTING_NUMBER 1-12
2023-07-18 20:06:37,049 INFO o.a.j.s.SampleResult: sampleresult.useNanoTime=true
2023-07-18 20:06:37,049 INFO o.a.j.s.SampleResult: sampleresult.nanoThreadSleep=5000
2023-07-18 20:06:37,054 INFO o.a.j.t.JMeterThread: Thread started: ROUTING_NUMBER 1-13
2023-07-18 20:06:37,060 INFO o.a.j.t.JMeterThread: Thread started: ROUTING_NUMBER 1-14
2023-07-18 20:06:37,064 INFO o.a.j.t.JMeterThread: Thread started: ROUTING_NUMBER 1-15
2023-07-18 20:06:37,070 INFO o.a.j.t.JMeterThread: Thread started: ROUTING_NUMBER 1-16
2023-07-18 20:06:37,070 INFO o.a.j.t.ThreadGroup: Started thread group number 1
2023-07-18 20:06:37,070 INFO o.a.j.e.StandardJMeterEngine: All thread groups have been started
2023-07-18 20:06:37,074 INFO o.a.j.t.JMeterThread: Thread started: ROUTING_NUMBER 1-17
2023-07-18 20:06:37,079 INFO o.a.j.t.JMeterThread: Thread started: ROUTING_NUMBER 1-18
2023-07-18 20:06:37,083 INFO o.a.j.t.JMeterThread: Thread started: ROUTING_NUMBER 1-19
2023-07-18 20:06:37,089 INFO o.a.j.t.JMeterThread: Thread started: ROUTING_NUMBER 1-20
2023-07-18 20:06:37,093 INFO o.a.j.t.JMeterThread: Thread started: ROUTING_NUMBER 1-21
2023-07-18 20:06:37,099 INFO o.a.j.t.JMeterThread: Thread started: ROUTING_NUMBER 1-22
2023-07-18 20:06:37,103 INFO o.a.j.t.JMeterThread: Thread started: ROUTING_NUMBER 1-23
2023-07-18 20:06:37,109 INFO o.a.j.t.JMeterThread: Thread started: ROUTING_NUMBER 1-24
2023-07-18 20:06:37,114 INFO o.a.j.t.JMeterThread: Thread started: ROUTING_NUMBER 1-25
2023-07-18 20:06:37,118 INFO o.a.j.t.JMeterThread: Thread started: ROUTING_NUMBER 1-26
2023-07-18 20:06:37,124 INFO o.a.j.t.JMeterThread: Thread started: ROUTING_NUMBER 1-27
2023-07-18 20:06:37,128 INFO o.a.j.t.JMeterThread: Thread started: ROUTING_NUMBER 1-28
2023-07-18 20:06:37,134 INFO o.a.j.t.JMeterThread: Thread started: ROUTING_NUMBER 1-29
2023-07-18 20:06:37,139 INFO o.a.j.t.JMeterThread: Thread started: ROUTING_NUMBER 1-30
2023-07-18 20:06:37,144 INFO o.a.j.t.JMeterThread: Thread started: ROUTING_NUMBER 1-31
2023-07-18 20:06:37,149 INFO o.a.j.t.JMeterThread: Thread started: ROUTING_NUMBER 1-32
2023-07-18 20:06:37,153 INFO o.a.j.t.JMeterThread: Thread started: ROUTING_NUMBER 1-33
2023-07-18 20:06:37,158 INFO o.a.j.t.JMeterThread: Thread started: ROUTING_NUMBER 1-34
2023-07-18 20:06:37,165 INFO o.a.j.t.JMeterThread: Thread started: ROUTING_NUMBER 1-35
2023-07-18 20:06:37,169 INFO o.a.j.t.JMeterThread: Thread started: ROUTING_NUMBER 1-36
2023-07-18 20:06:37,173 INFO o.a.j.t.JMeterThread: Thread started: ROUTING_NUMBER 1-37
2023-07-18 20:06:37,178 INFO o.a.j.t.JMeterThread: Thread started: ROUTING_NUMBER 1-38
2023-07-18 20:06:37,183 INFO o.a.j.t.JMeterThread: Thread started: ROUTING_NUMBER 1-39
2023-07-18 20:06:37,195 INFO o.a.j.t.JMeterThread: Thread started: ROUTING_NUMBER 1-41
2023-07-18 20:06:37,195 INFO o.a.j.t.JMeterThread: Thread started: ROUTING_NUMBER 1-40
2023-07-18 20:06:37,199 INFO o.a.j.t.JMeterThread: Thread started: ROUTING_NUMBER 1-42
2023-07-18 20:06:37,204 INFO o.a.j.t.JMeterThread: Thread started: ROUTING_NUMBER 1-43
2023-07-18 20:06:37,209 INFO o.a.j.t.JMeterThread: Thread started: ROUTING_NUMBER 1-44
2023-07-18 20:06:37,215 INFO o.a.j.t.JMeterThread: Thread started: ROUTING_NUMBER 1-45
2023-07-18 20:06:37,219 INFO o.a.j.t.JMeterThread: Thread started: ROUTING_NUMBER 1-46
2023-07-18 20:06:37,224 INFO o.a.j.t.JMeterThread: Thread started: ROUTING_NUMBER 1-47
2023-07-18 20:06:37,229 INFO o.a.j.t.JMeterThread: Thread started: ROUTING_NUMBER 1-48
2023-07-18 20:06:37,234 INFO o.a.j.t.JMeterThread: Thread started: ROUTING_NUMBER 1-49
2023-07-18 20:06:37,239 INFO o.a.j.t.JMeterThread: Thread started: ROUTING_NUMBER 1-50
2023-07-18 20:06:37,244 INFO o.a.j.t.JMeterThread: Thread started: ROUTING_NUMBER 1-51
2023-07-18 20:06:37,248 INFO o.a.j.t.JMeterThread: Thread started: ROUTING_NUMBER 1-52
2023-07-18 20:06:37,254 INFO o.a.j.t.JMeterThread: Thread started: ROUTING_NUMBER 1-53
2023-07-18 20:06:37,259 INFO o.a.j.t.JMeterThread: Thread started: ROUTING_NUMBER 1-54
2023-07-18 20:06:37,263 INFO o.a.j.t.JMeterThread: Thread started: ROUTING_NUMBER 1-55
2023-07-18 20:06:37,268 INFO o.a.j.t.JMeterThread: Thread started: ROUTING_NUMBER 1-56
2023-07-18 20:06:37,274 INFO o.a.j.t.JMeterThread: Thread started: ROUTING_NUMBER 1-57
2023-07-18 20:06:37,279 INFO o.a.j.t.JMeterThread: Thread started: ROUTING_NUMBER 1-58
2023-07-18 20:06:37,283 INFO o.a.j.t.JMeterThread: Thread started: ROUTING_NUMBER 1-59
2023-07-18 20:06:37,290 INFO o.a.j.t.JMeterThread: Thread started: ROUTING_NUMBER 1-60
2023-07-18 20:06:37,294 INFO o.a.j.t.JMeterThread: Thread started: ROUTING_NUMBER 1-61
2023-07-18 20:06:37,298 INFO o.a.j.t.JMeterThread: Thread started: ROUTING_NUMBER 1-62
2023-07-18 20:06:37,303 INFO o.a.j.t.JMeterThread: Thread started: ROUTING_NUMBER 1-63
2023-07-18 20:06:37,308 INFO o.a.j.t.JMeterThread: Thread started: ROUTING_NUMBER 1-64
2023-07-18 20:06:37,313 INFO o.a.j.t.JMeterThread: Thread started: ROUTING_NUMBER 1-65
2023-07-18 20:06:37,319 INFO o.a.j.t.JMeterThread: Thread started: ROUTING_NUMBER 1-66
2023-07-18 20:06:37,323 INFO o.a.j.t.JMeterThread: Thread started: ROUTING_NUMBER 1-67
2023-07-18 20:06:37,329 INFO o.a.j.t.JMeterThread: Thread started: ROUTING_NUMBER 1-68
2023-07-18 20:06:37,333 INFO o.a.j.t.JMeterThread: Thread started: ROUTING_NUMBER 1-69
2023-07-18 20:06:37,338 INFO o.a.j.t.JMeterThread: Thread started: ROUTING_NUMBER 1-70
2023-07-18 20:06:37,344 INFO o.a.j.t.JMeterThread: Thread started: ROUTING_NUMBER 1-71
2023-07-18 20:06:37,348 INFO o.a.j.t.JMeterThread: Thread started: ROUTING_NUMBER 1-72
2023-07-18 20:06:37,357 INFO o.a.j.t.JMeterThread: Thread started: ROUTING_NUMBER 1-73
2023-07-18 20:06:37,358 INFO o.a.j.t.JMeterThread: Thread started: ROUTING_NUMBER 1-74
2023-07-18 20:06:37,363 INFO o.a.j.t.JMeterThread: Thread started: ROUTING_NUMBER 1-75
2023-07-18 20:06:37,368 INFO o.a.j.t.JMeterThread: Thread started: ROUTING_NUMBER 1-76
2023-07-18 20:06:37,374 INFO o.a.j.t.JMeterThread: Thread started: ROUTING_NUMBER 1-77
2023-07-18 20:06:37,379 INFO o.a.j.t.JMeterThread: Thread started: ROUTING_NUMBER 1-78
2023-07-18 20:06:37,383 INFO o.a.j.t.JMeterThread: Thread started: ROUTING_NUMBER 1-79
2023-07-18 20:06:37,389 INFO o.a.j.t.JMeterThread: Thread started: ROUTING_NUMBER 1-80
2023-07-18 20:06:37,394 INFO o.a.j.t.JMeterThread: Thread started: ROUTING_NUMBER 1-81
2023-07-18 20:06:37,399 INFO o.a.j.t.JMeterThread: Thread started: ROUTING_NUMBER 1-82
2023-07-18 20:06:37,402 INFO o.a.j.t.JMeterThread: Thread started: ROUTING_NUMBER 1-83
2023-07-18 20:06:37,408 INFO o.a.j.t.JMeterThread: Thread started: ROUTING_NUMBER 1-84
2023-07-18 20:06:37,413 INFO o.a.j.t.JMeterThread: Thread started: ROUTING_NUMBER 1-85
2023-07-18 20:06:37,419 INFO o.a.j.t.JMeterThread: Thread started: ROUTING_NUMBER 1-86
2023-07-18 20:06:37,423 INFO o.a.j.t.JMeterThread: Thread started: ROUTING_NUMBER 1-87
2023-07-18 20:06:37,429 INFO o.a.j.t.JMeterThread: Thread started: ROUTING_NUMBER 1-88
2023-07-18 20:06:37,433 INFO o.a.j.t.JMeterThread: Thread started: ROUTING_NUMBER 1-89
2023-07-18 20:06:37,437 INFO o.a.j.t.JMeterThread: Thread started: ROUTING_NUMBER 1-90
2023-07-18 20:06:37,443 INFO o.a.j.t.JMeterThread: Thread started: ROUTING_NUMBER 1-91
2023-07-18 20:06:37,448 INFO o.a.j.t.JMeterThread: Thread started: ROUTING_NUMBER 1-92
2023-07-18 20:06:37,453 INFO o.a.j.t.JMeterThread: Thread started: ROUTING_NUMBER 1-93
2023-07-18 20:06:37,458 INFO o.a.j.t.JMeterThread: Thread started: ROUTING_NUMBER 1-94
2023-07-18 20:06:37,464 INFO o.a.j.t.JMeterThread: Thread started: ROUTING_NUMBER 1-95
2023-07-18 20:06:37,468 INFO o.a.j.t.JMeterThread: Thread started: ROUTING_NUMBER 1-96
2023-07-18 20:06:37,473 INFO o.a.j.t.JMeterThread: Thread started: ROUTING_NUMBER 1-97
2023-07-18 20:06:37,479 INFO o.a.j.t.JMeterThread: Thread started: ROUTING_NUMBER 1-98
2023-07-18 20:06:37,484 INFO o.a.j.t.JMeterThread: Thread started: ROUTING_NUMBER 1-99
2023-07-18 20:06:37,488 INFO o.a.j.t.JMeterThread: Thread started: ROUTING_NUMBER 1-100
2023-07-18 20:06:37,494 INFO o.a.j.t.JMeterThread: Thread started: ROUTING_NUMBER 1-101
2023-07-18 20:06:37,499 INFO o.a.j.t.JMeterThread: Thread started: ROUTING_NUMBER 1-102
2023-07-18 20:06:37,505 INFO o.a.j.t.JMeterThread: Thread started: ROUTING_NUMBER 1-103
2023-07-18 20:06:37,509 INFO o.a.j.t.JMeterThread: Thread started: ROUTING_NUMBER 1-104
2023-07-18 20:06:37,514 INFO o.a.j.t.JMeterThread: Thread started: ROUTING_NUMBER 1-105
2023-07-18 20:06:37,519 INFO o.a.j.t.JMeterThread: Thread started: ROUTING_NUMBER 1-106
2023-07-18 20:06:37,523 INFO o.a.j.t.JMeterThread: Thread started: ROUTING_NUMBER 1-107
2023-07-18 20:06:37,527 INFO o.a.j.t.JMeterThread: Thread started: ROUTING_NUMBER 1-108
2023-07-18 20:06:37,533 INFO o.a.j.t.JMeterThread: Thread started: ROUTING_NUMBER 1-109
2023-07-18 20:06:37,539 INFO o.a.j.t.JMeterThread: Thread started: ROUTING_NUMBER 1-110
2023-07-18 20:06:37,543 INFO o.a.j.t.JMeterThread: Thread started: ROUTING_NUMBER 1-111
2023-07-18 20:06:37,548 INFO o.a.j.t.JMeterThread: Thread started: ROUTING_NUMBER 1-112
2023-07-18 20:06:37,553 INFO o.a.j.t.JMeterThread: Thread started: ROUTING_NUMBER 1-113
2023-07-18 20:06:37,559 INFO o.a.j.t.JMeterThread: Thread started: ROUTING_NUMBER 1-114
2023-07-18 20:06:37,563 INFO o.a.j.t.JMeterThread: Thread started: ROUTING_NUMBER 1-115
2023-07-18 20:06:37,568 INFO o.a.j.t.JMeterThread: Thread started: ROUTING_NUMBER 1-116
2023-07-18 20:06:37,573 INFO o.a.j.t.JMeterThread: Thread started: ROUTING_NUMBER 1-117
2023-07-18 20:06:37,579 INFO o.a.j.t.JMeterThread: Thread started: ROUTING_NUMBER 1-118
2023-07-18 20:06:37,584 INFO o.a.j.t.JMeterThread: Thread started: ROUTING_NUMBER 1-119
2023-07-18 20:06:37,588 INFO o.a.j.t.JMeterThread: Thread started: ROUTING_NUMBER 1-120
2023-07-18 20:06:37,594 INFO o.a.j.t.JMeterThread: Thread started: ROUTING_NUMBER 1-121
2023-07-18 20:06:37,599 INFO o.a.j.t.JMeterThread: Thread started: ROUTING_NUMBER 1-122
2023-07-18 20:06:37,604 INFO o.a.j.t.JMeterThread: Thread started: ROUTING_NUMBER 1-123
2023-07-18 20:06:37,608 INFO o.a.j.t.JMeterThread: Thread started: ROUTING_NUMBER 1-124
2023-07-18 20:06:37,613 INFO o.a.j.t.JMeterThread: Thread started: ROUTING_NUMBER 1-125
2023-07-18 20:06:37,619 INFO o.a.j.t.JMeterThread: Thread started: ROUTING_NUMBER 1-126
2023-07-18 20:06:37,623 INFO o.a.j.t.JMeterThread: Thread started: ROUTING_NUMBER 1-127
2023-07-18 20:06:37,629 INFO o.a.j.t.JMeterThread: Thread started: ROUTING_NUMBER 1-128
2023-07-18 20:06:37,634 INFO o.a.j.t.JMeterThread: Thread started: ROUTING_NUMBER 1-129
2023-07-18 20:06:37,640 INFO o.a.j.t.JMeterThread: Thread started: ROUTING_NUMBER 1-130
2023-07-18 20:06:37,643 INFO o.a.j.t.JMeterThread: Thread started: ROUTING_NUMBER 1-131
2023-07-18 20:06:37,649 INFO o.a.j.t.JMeterThread: Thread started: ROUTING_NUMBER 1-132
2023-07-18 20:06:37,654 INFO o.a.j.t.JMeterThread: Thread started: ROUTING_NUMBER 1-133
2023-07-18 20:06:37,659 INFO o.a.j.t.JMeterThread: Thread started: ROUTING_NUMBER 1-134
2023-07-18 20:06:37,664 INFO o.a.j.t.JMeterThread: Thread started: ROUTING_NUMBER 1-135
2023-07-18 20:06:37,669 INFO o.a.j.t.JMeterThread: Thread started: ROUTING_NUMBER 1-136
2023-07-18 20:06:37,674 INFO o.a.j.t.JMeterThread: Thread started: ROUTING_NUMBER 1-137
2023-07-18 20:06:37,678 INFO o.a.j.t.JMeterThread: Thread started: ROUTING_NUMBER 1-138
2023-07-18 20:06:37,683 INFO o.a.j.t.JMeterThread: Thread started: ROUTING_NUMBER 1-139
2023-07-18 20:06:37,691 INFO o.a.j.t.JMeterThread: Thread started: ROUTING_NUMBER 1-140
2023-07-18 20:06:37,693 INFO o.a.j.t.JMeterThread: Thread started: ROUTING_NUMBER 1-141
2023-07-18 20:06:37,700 INFO o.a.j.t.JMeterThread: Thread started: ROUTING_NUMBER 1-142
2023-07-18 20:06:37,704 INFO o.a.j.t.JMeterThread: Thread started: ROUTING_NUMBER 1-143
2023-07-18 20:06:37,710 INFO o.a.j.t.JMeterThread: Thread started: ROUTING_NUMBER 1-144
2023-07-18 20:06:37,714 INFO o.a.j.t.JMeterThread: Thread started: ROUTING_NUMBER 1-145
2023-07-18 20:06:37,719 INFO o.a.j.t.JMeterThread: Thread started: ROUTING_NUMBER 1-146
2023-07-18 20:06:37,724 INFO o.a.j.t.JMeterThread: Thread started: ROUTING_NUMBER 1-147
2023-07-18 20:06:37,728 INFO o.a.j.t.JMeterThread: Thread started: ROUTING_NUMBER 1-148
2023-07-18 20:06:37,733 INFO o.a.j.t.JMeterThread: Thread started: ROUTING_NUMBER 1-149
2023-07-18 20:06:37,739 INFO o.a.j.t.JMeterThread: Thread started: ROUTING_NUMBER 1-150
2023-07-18 20:06:37,744 INFO o.a.j.t.JMeterThread: Thread started: ROUTING_NUMBER 1-151
2023-07-18 20:06:37,749 INFO o.a.j.t.JMeterThread: Thread started: ROUTING_NUMBER 1-152
2023-07-18 20:06:37,754 INFO o.a.j.t.JMeterThread: Thread is done: ROUTING_NUMBER 1-34
2023-07-18 20:06:37,754 INFO o.a.j.t.JMeterThread: Thread is done: ROUTING_NUMBER 1-4
2023-07-18 20:06:37,755 INFO o.a.j.t.JMeterThread: Thread finished: ROUTING_NUMBER 1-34
2023-07-18 20:06:37,755 INFO o.a.j.t.JMeterThread: Thread finished: ROUTING_NUMBER 1-4
2023-07-18 20:06:37,756 INFO o.a.j.t.JMeterThread: Thread started: ROUTING_NUMBER 1-153
2023-07-18 20:06:37,756 INFO o.a.j.t.JMeterThread: Thread is done: ROUTING_NUMBER 1-37
2023-07-18 20:06:37,756 INFO o.a.j.t.JMeterThread: Thread finished: ROUTING_NUMBER 1-37
2023-07-18 20:06:37,760 INFO o.a.j.t.JMeterThread: Thread started: ROUTING_NUMBER 1-154
2023-07-18 20:06:37,764 INFO o.a.j.t.JMeterThread: Thread started: ROUTING_NUMBER 1-155
2023-07-18 20:06:37,769 INFO o.a.j.t.JMeterThread: Thread started: ROUTING_NUMBER 1-156
2023-07-18 20:06:37,774 INFO o.a.j.t.JMeterThread: Thread is done: ROUTING_NUMBER 1-6
2023-07-18 20:06:37,774 INFO o.a.j.t.JMeterThread: Thread is done: ROUTING_NUMBER 1-18
2023-07-18 20:06:37,774 INFO o.a.j.t.JMeterThread: Thread is done: ROUTING_NUMBER 1-43
2023-07-18 20:06:37,774 INFO o.a.j.t.JMeterThread: Thread finished: ROUTING_NUMBER 1-6
2023-07-18 20:06:37,774 INFO o.a.j.t.JMeterThread: Thread finished: ROUTING_NUMBER 1-18
2023-07-18 20:06:37,774 INFO o.a.j.t.JMeterThread: Thread is done: ROUTING_NUMBER 1-40
2023-07-18 20:06:37,774 INFO o.a.j.t.JMeterThread: Thread finished: ROUTING_NUMBER 1-43
2023-07-18 20:06:37,774 INFO o.a.j.t.JMeterThread: Thread finished: ROUTING_NUMBER 1-40
2023-07-18 20:06:37,774 INFO o.a.j.t.JMeterThread: Thread is done: ROUTING_NUMBER 1-27
2023-07-18 20:06:37,774 INFO o.a.j.t.JMeterThread: Thread started: ROUTING_NUMBER 1-157
2023-07-18 20:06:37,775 INFO o.a.j.t.JMeterThread: Thread finished: ROUTING_NUMBER 1-27
2023-07-18 20:06:37,779 INFO o.a.j.t.JMeterThread: Thread started: ROUTING_NUMBER 1-158
2023-07-18 20:06:37,784 INFO o.a.j.t.JMeterThread: Thread started: ROUTING_NUMBER 1-159
2023-07-18 20:06:37,787 INFO o.a.j.t.JMeterThread: Thread is done: ROUTING_NUMBER 1-22
2023-07-18 20:06:37,787 INFO o.a.j.t.JMeterThread: Thread finished: ROUTING_NUMBER 1-22
2023-07-18 20:06:37,791 INFO o.a.j.t.JMeterThread: Thread started: ROUTING_NUMBER 1-160
2023-07-18 20:06:37,794 INFO o.a.j.t.JMeterThread: Thread started: ROUTING_NUMBER 1-161
2023-07-18 20:06:37,799 INFO o.a.j.t.JMeterThread: Thread started: ROUTING_NUMBER 1-162
2023-07-18 20:06:37,803 INFO o.a.j.t.JMeterThread: Thread started: ROUTING_NUMBER 1-163
2023-07-18 20:06:37,804 INFO o.a.j.t.JMeterThread: Thread is done: ROUTING_NUMBER 1-24
2023-07-18 20:06:37,804 INFO o.a.j.t.JMeterThread: Thread finished: ROUTING_NUMBER 1-24
2023-07-18 20:06:37,805 INFO o.a.j.t.JMeterThread: Thread is done: ROUTING_NUMBER 1-38
2023-07-18 20:06:37,805 INFO o.a.j.t.JMeterThread: Thread is done: ROUTING_NUMBER 1-26
2023-07-18 20:06:37,805 INFO o.a.j.t.JMeterThread: Thread finished: ROUTING_NUMBER 1-38
2023-07-18 20:06:37,805 INFO o.a.j.t.JMeterThread: Thread finished: ROUTING_NUMBER 1-26
2023-07-18 20:06:37,808 INFO o.a.j.t.JMeterThread: Thread started: ROUTING_NUMBER 1-164
2023-07-18 20:06:37,813 INFO o.a.j.t.JMeterThread: Thread started: ROUTING_NUMBER 1-165
2023-07-18 20:06:37,820 INFO o.a.j.t.JMeterThread: Thread started: ROUTING_NUMBER 1-166
2023-07-18 20:06:37,825 INFO o.a.j.t.JMeterThread: Thread started: ROUTING_NUMBER 1-167
2023-07-18 20:06:37,828 INFO o.a.j.t.JMeterThread: Thread started: ROUTING_NUMBER 1-168
2023-07-18 20:06:37,832 INFO o.a.j.t.JMeterThread: Thread is done: ROUTING_NUMBER 1-54
2023-07-18 20:06:37,832 INFO o.a.j.t.JMeterThread: Thread finished: ROUTING_NUMBER 1-54
2023-07-18 20:06:37,834 INFO o.a.j.t.JMeterThread: Thread is done: ROUTING_NUMBER 1-48
2023-07-18 20:06:37,834 INFO o.a.j.t.JMeterThread: Thread finished: ROUTING_NUMBER 1-48
2023-07-18 20:06:37,834 INFO o.a.j.t.JMeterThread: Thread is done: ROUTING_NUMBER 1-28
2023-07-18 20:06:37,834 INFO o.a.j.t.JMeterThread: Thread is done: ROUTING_NUMBER 1-17
2023-07-18 20:06:37,834 INFO o.a.j.t.JMeterThread: Thread finished: ROUTING_NUMBER 1-28
2023-07-18 20:06:37,834 INFO o.a.j.t.JMeterThread: Thread finished: ROUTING_NUMBER 1-17
2023-07-18 20:06:37,835 INFO o.a.j.t.JMeterThread: Thread started: ROUTING_NUMBER 1-169
2023-07-18 20:06:37,837 INFO o.a.j.t.JMeterThread: Thread is done: ROUTING_NUMBER 1-49
2023-07-18 20:06:37,837 INFO o.a.j.t.JMeterThread: Thread finished: ROUTING_NUMBER 1-49
2023-07-18 20:06:37,839 INFO o.a.j.t.JMeterThread: Thread started: ROUTING_NUMBER 1-170
2023-07-18 20:06:37,843 INFO o.a.j.t.JMeterThread: Thread is done: ROUTING_NUMBER 1-44
2023-07-18 20:06:37,843 INFO o.a.j.t.JMeterThread: Thread finished: ROUTING_NUMBER 1-44
2023-07-18 20:06:37,844 INFO o.a.j.t.JMeterThread: Thread started: ROUTING_NUMBER 1-171
2023-07-18 20:06:37,847 INFO o.a.j.t.JMeterThread: Thread started: ROUTING_NUMBER 1-172
2023-07-18 20:06:37,853 INFO o.a.j.t.JMeterThread: Thread is done: ROUTING_NUMBER 1-3
2023-07-18 20:06:37,853 INFO o.a.j.t.JMeterThread: Thread started: ROUTING_NUMBER 1-173
2023-07-18 20:06:37,853 INFO o.a.j.t.JMeterThread: Thread finished: ROUTING_NUMBER 1-3
2023-07-18 20:06:37,858 INFO o.a.j.t.JMeterThread: Thread started: ROUTING_NUMBER 1-174
2023-07-18 20:06:37,864 INFO o.a.j.t.JMeterThread: Thread started: ROUTING_NUMBER 1-175
2023-07-18 20:06:37,869 INFO o.a.j.t.JMeterThread: Thread started: ROUTING_NUMBER 1-176
2023-07-18 20:06:37,874 INFO o.a.j.t.JMeterThread: Thread started: ROUTING_NUMBER 1-177
2023-07-18 20:06:37,878 INFO o.a.j.t.JMeterThread: Thread started: ROUTING_NUMBER 1-178
2023-07-18 20:06:37,879 INFO o.a.j.t.JMeterThread: Thread is done: ROUTING_NUMBER 1-46
2023-07-18 20:06:37,879 INFO o.a.j.t.JMeterThread: Thread is done: ROUTING_NUMBER 1-51
2023-07-18 20:06:37,879 INFO o.a.j.t.JMeterThread: Thread is done: ROUTING_NUMBER 1-33
2023-07-18 20:06:37,880 INFO o.a.j.t.JMeterThread: Thread finished: ROUTING_NUMBER 1-46
2023-07-18 20:06:37,880 INFO o.a.j.t.JMeterThread: Thread finished: ROUTING_NUMBER 1-51
2023-07-18 20:06:37,880 INFO o.a.j.t.JMeterThread: Thread finished: ROUTING_NUMBER 1-33
2023-07-18 20:06:37,882 INFO o.a.j.t.JMeterThread: Thread is done: ROUTING_NUMBER 1-56
2023-07-18 20:06:37,882 INFO o.a.j.t.JMeterThread: Thread is done: ROUTING_NUMBER 1-36
2023-07-18 20:06:37,882 INFO o.a.j.t.JMeterThread: Thread finished: ROUTING_NUMBER 1-56
2023-07-18 20:06:37,882 INFO o.a.j.t.JMeterThread: Thread finished: ROUTING_NUMBER 1-36
2023-07-18 20:06:37,884 INFO o.a.j.t.JMeterThread: Thread started: ROUTING_NUMBER 1-179
2023-07-18 20:06:37,890 INFO o.a.j.t.JMeterThread: Thread started: ROUTING_NUMBER 1-180
2023-07-18 20:06:37,895 INFO o.a.j.t.JMeterThread: Thread is done: ROUTING_NUMBER 1-7
2023-07-18 20:06:37,895 INFO o.a.j.t.JMeterThread: Thread is done: ROUTING_NUMBER 1-2
2023-07-18 20:06:37,895 INFO o.a.j.t.JMeterThread: Thread started: ROUTING_NUMBER 1-181
2023-07-18 20:06:37,895 INFO o.a.j.t.JMeterThread: Thread finished: ROUTING_NUMBER 1-7
2023-07-18 20:06:37,895 INFO o.a.j.t.JMeterThread: Thread finished: ROUTING_NUMBER 1-2
2023-07-18 20:06:37,899 INFO o.a.j.t.JMeterThread: Thread is done: ROUTING_NUMBER 1-50
2023-07-18 20:06:37,899 INFO o.a.j.t.JMeterThread: Thread finished: ROUTING_NUMBER 1-50
2023-07-18 20:06:37,900 INFO o.a.j.t.JMeterThread: Thread started: ROUTING_NUMBER 1-182
2023-07-18 20:06:37,904 INFO o.a.j.t.JMeterThread: Thread started: ROUTING_NUMBER 1-183
2023-07-18 20:06:37,909 INFO o.a.j.t.JMeterThread: Thread started: ROUTING_NUMBER 1-184
2023-07-18 20:06:37,913 INFO o.a.j.t.JMeterThread: Thread started: ROUTING_NUMBER 1-185
2023-07-18 20:06:37,919 INFO o.a.j.t.JMeterThread: Thread started: ROUTING_NUMBER 1-186
2023-07-18 20:06:37,923 INFO o.a.j.t.JMeterThread: Thread started: ROUTING_NUMBER 1-187
2023-07-18 20:06:37,928 INFO o.a.j.t.JMeterThread: Thread started: ROUTING_NUMBER 1-188
2023-07-18 20:06:37,934 INFO o.a.j.t.JMeterThread: Thread started: ROUTING_NUMBER 1-189
2023-07-18 20:06:37,939 INFO o.a.j.t.JMeterThread: Thread started: ROUTING_NUMBER 1-190
2023-07-18 20:06:37,942 INFO o.a.j.t.JMeterThread: Thread started: ROUTING_NUMBER 1-191
2023-07-18 20:06:37,948 INFO o.a.j.t.JMeterThread: Thread started: ROUTING_NUMBER 1-192
2023-07-18 20:06:37,953 INFO o.a.j.t.JMeterThread: Thread started: ROUTING_NUMBER 1-193
2023-07-18 20:06:37,959 INFO o.a.j.t.JMeterThread: Thread started: ROUTING_NUMBER 1-194
2023-07-18 20:06:37,964 INFO o.a.j.t.JMeterThread: Thread started: ROUTING_NUMBER 1-195
2023-07-18 20:06:37,969 INFO o.a.j.t.JMeterThread: Thread started: ROUTING_NUMBER 1-196
2023-07-18 20:06:37,973 INFO o.a.j.t.JMeterThread: Thread started: ROUTING_NUMBER 1-197
2023-07-18 20:06:37,979 INFO o.a.j.t.JMeterThread: Thread started: ROUTING_NUMBER 1-198
2023-07-18 20:06:37,983 INFO o.a.j.t.JMeterThread: Thread started: ROUTING_NUMBER 1-199
2023-07-18 20:06:37,989 INFO o.a.j.t.JMeterThread: Thread is done: ROUTING_NUMBER 1-1
2023-07-18 20:06:37,989 INFO o.a.j.t.JMeterThread: Thread finished: ROUTING_NUMBER 1-1
2023-07-18 20:06:37,990 INFO o.a.j.t.JMeterThread: Thread started: ROUTING_NUMBER 1-200
2023-07-18 20:06:37,990 INFO o.a.j.t.JMeterThread: Thread is done: ROUTING_NUMBER 1-11
2023-07-18 20:06:37,990 INFO o.a.j.t.JMeterThread: Thread finished: ROUTING_NUMBER 1-11
2023-07-18 20:06:38,021 INFO o.a.j.t.JMeterThread: Thread is done: ROUTING_NUMBER 1-41
2023-07-18 20:06:38,021 INFO o.a.j.t.JMeterThread: Thread is done: ROUTING_NUMBER 1-29
2023-07-18 20:06:38,029 INFO o.a.j.t.JMeterThread: Thread finished: ROUTING_NUMBER 1-29
2023-07-18 20:06:38,029 INFO o.a.j.t.JMeterThread: Thread finished: ROUTING_NUMBER 1-41
2023-07-18 20:06:38,029 INFO o.a.j.t.JMeterThread: Thread is done: ROUTING_NUMBER 1-19
2023-07-18 20:06:38,029 INFO o.a.j.t.JMeterThread: Thread finished: ROUTING_NUMBER 1-19
2023-07-18 20:06:38,076 INFO o.a.j.t.JMeterThread: Thread is done: ROUTING_NUMBER 1-13
2023-07-18 20:06:38,076 INFO o.a.j.t.JMeterThread: Thread finished: ROUTING_NUMBER 1-13
2023-07-18 20:06:38,076 INFO o.a.j.t.JMeterThread: Thread is done: ROUTING_NUMBER 1-77
2023-07-18 20:06:38,076 INFO o.a.j.t.JMeterThread: Thread is done: ROUTING_NUMBER 1-21
2023-07-18 20:06:38,076 INFO o.a.j.t.JMeterThread: Thread is done: ROUTING_NUMBER 1-63
2023-07-18 20:06:38,076 INFO o.a.j.t.JMeterThread: Thread finished: ROUTING_NUMBER 1-21
2023-07-18 20:06:38,084 INFO o.a.j.t.JMeterThread: Thread finished: ROUTING_NUMBER 1-63
2023-07-18 20:06:38,076 INFO o.a.j.t.JMeterThread: Thread finished: ROUTING_NUMBER 1-77
2023-07-18 20:06:38,084 INFO o.a.j.t.JMeterThread: Thread is done: ROUTING_NUMBER 1-47
2023-07-18 20:06:38,084 INFO o.a.j.t.JMeterThread: Thread finished: ROUTING_NUMBER 1-47
2023-07-18 20:06:38,084 INFO o.a.j.t.JMeterThread: Thread is done: ROUTING_NUMBER 1-59
2023-07-18 20:06:38,084 INFO o.a.j.t.JMeterThread: Thread is done: ROUTING_NUMBER 1-64
2023-07-18 20:06:38,084 INFO o.a.j.t.JMeterThread: Thread finished: ROUTING_NUMBER 1-59
2023-07-18 20:06:38,084 INFO o.a.j.t.JMeterThread: Thread finished: ROUTING_NUMBER 1-64
2023-07-18 20:06:38,084 INFO o.a.j.t.JMeterThread: Thread is done: ROUTING_NUMBER 1-16
2023-07-18 20:06:38,084 INFO o.a.j.t.JMeterThread: Thread is done: ROUTING_NUMBER 1-10
2023-07-18 20:06:38,085 INFO o.a.j.t.JMeterThread: Thread finished: ROUTING_NUMBER 1-16
2023-07-18 20:06:38,085 INFO o.a.j.t.JMeterThread: Thread finished: ROUTING_NUMBER 1-10
2023-07-18 20:06:38,101 INFO o.a.j.t.JMeterThread: Thread is done: ROUTING_NUMBER 1-79
2023-07-18 20:06:38,101 INFO o.a.j.t.JMeterThread: Thread finished: ROUTING_NUMBER 1-79
2023-07-18 20:06:38,119 INFO o.a.j.t.JMeterThread: Thread is done: ROUTING_NUMBER 1-42
2023-07-18 20:06:38,119 INFO o.a.j.t.JMeterThread: Thread finished: ROUTING_NUMBER 1-42
2023-07-18 20:06:38,124 INFO o.a.j.t.JMeterThread: Thread is done: ROUTING_NUMBER 1-67
2023-07-18 20:06:38,124 INFO o.a.j.t.JMeterThread: Thread is done: ROUTING_NUMBER 1-86
2023-07-18 20:06:38,124 INFO o.a.j.t.JMeterThread: Thread finished: ROUTING_NUMBER 1-67
2023-07-18 20:06:38,124 INFO o.a.j.t.JMeterThread: Thread finished: ROUTING_NUMBER 1-86
2023-07-18 20:06:38,124 INFO o.a.j.t.JMeterThread: Thread is done: ROUTING_NUMBER 1-69
2023-07-18 20:06:38,124 INFO o.a.j.t.JMeterThread: Thread finished: ROUTING_NUMBER 1-69
2023-07-18 20:06:38,132 INFO o.a.j.t.JMeterThread: Thread is done: ROUTING_NUMBER 1-78
2023-07-18 20:06:38,132 INFO o.a.j.t.JMeterThread: Thread is done: ROUTING_NUMBER 1-25
2023-07-18 20:06:38,135 INFO o.a.j.t.JMeterThread: Thread finished: ROUTING_NUMBER 1-78
2023-07-18 20:06:38,135 INFO o.a.j.t.JMeterThread: Thread finished: ROUTING_NUMBER 1-25
2023-07-18 20:06:38,167 INFO o.a.j.t.JMeterThread: Thread is done: ROUTING_NUMBER 1-8
2023-07-18 20:06:38,167 INFO o.a.j.t.JMeterThread: Thread finished: ROUTING_NUMBER 1-8
2023-07-18 20:06:38,174 INFO o.a.j.t.JMeterThread: Thread is done: ROUTING_NUMBER 1-72
2023-07-18 20:06:38,174 INFO o.a.j.t.JMeterThread: Thread finished: ROUTING_NUMBER 1-72
2023-07-18 20:06:38,182 INFO o.a.j.t.JMeterThread: Thread is done: ROUTING_NUMBER 1-68
2023-07-18 20:06:38,182 INFO o.a.j.t.JMeterThread: Thread is done: ROUTING_NUMBER 1-73
2023-07-18 20:06:38,184 INFO o.a.j.t.JMeterThread: Thread finished: ROUTING_NUMBER 1-73
2023-07-18 20:06:38,184 INFO o.a.j.t.JMeterThread: Thread finished: ROUTING_NUMBER 1-68
2023-07-18 20:06:38,215 INFO o.a.j.t.JMeterThread: Thread is done: ROUTING_NUMBER 1-15
2023-07-18 20:06:38,215 INFO o.a.j.t.JMeterThread: Thread is done: ROUTING_NUMBER 1-57
2023-07-18 20:06:38,221 INFO o.a.j.t.JMeterThread: Thread finished: ROUTING_NUMBER 1-15
2023-07-18 20:06:38,221 INFO o.a.j.t.JMeterThread: Thread finished: ROUTING_NUMBER 1-57
2023-07-18 20:06:38,221 INFO o.a.j.t.JMeterThread: Thread is done: ROUTING_NUMBER 1-61
2023-07-18 20:06:38,221 INFO o.a.j.t.JMeterThread: Thread finished: ROUTING_NUMBER 1-61
2023-07-18 20:06:38,237 INFO o.a.j.t.JMeterThread: Thread is done: ROUTING_NUMBER 1-53
2023-07-18 20:06:38,237 INFO o.a.j.t.JMeterThread: Thread is done: ROUTING_NUMBER 1-23
2023-07-18 20:06:38,238 INFO o.a.j.t.JMeterThread: Thread finished: ROUTING_NUMBER 1-53
2023-07-18 20:06:38,238 INFO o.a.j.t.JMeterThread: Thread finished: ROUTING_NUMBER 1-23
2023-07-18 20:06:38,237 INFO o.a.j.t.JMeterThread: Thread is done: ROUTING_NUMBER 1-20
2023-07-18 20:06:38,238 INFO o.a.j.t.JMeterThread: Thread finished: ROUTING_NUMBER 1-20
2023-07-18 20:06:38,240 INFO o.a.j.t.JMeterThread: Thread is done: ROUTING_NUMBER 1-30
2023-07-18 20:06:38,240 INFO o.a.j.t.JMeterThread: Thread finished: ROUTING_NUMBER 1-30
2023-07-18 20:06:38,240 INFO o.a.j.t.JMeterThread: Thread is done: ROUTING_NUMBER 1-5
2023-07-18 20:06:38,241 INFO o.a.j.t.JMeterThread: Thread finished: ROUTING_NUMBER 1-5
2023-07-18 20:06:38,257 INFO o.a.j.t.JMeterThread: Thread is done: ROUTING_NUMBER 1-62
2023-07-18 20:06:38,257 INFO o.a.j.t.JMeterThread: Thread finished: ROUTING_NUMBER 1-62
2023-07-18 20:06:38,257 INFO o.a.j.t.JMeterThread: Thread is done: ROUTING_NUMBER 1-87
2023-07-18 20:06:38,257 INFO o.a.j.t.JMeterThread: Thread finished: ROUTING_NUMBER 1-87
2023-07-18 20:06:38,257 INFO o.a.j.t.JMeterThread: Thread is done: ROUTING_NUMBER 1-83
2023-07-18 20:06:38,257 INFO o.a.j.t.JMeterThread: Thread finished: ROUTING_NUMBER 1-83
2023-07-18 20:06:38,257 INFO o.a.j.t.JMeterThread: Thread is done: ROUTING_NUMBER 1-35
2023-07-18 20:06:38,262 INFO o.a.j.t.JMeterThread: Thread finished: ROUTING_NUMBER 1-35
2023-07-18 20:06:38,278 INFO o.a.j.t.JMeterThread: Thread is done: ROUTING_NUMBER 1-74
2023-07-18 20:06:38,278 INFO o.a.j.t.JMeterThread: Thread finished: ROUTING_NUMBER 1-74
2023-07-18 20:06:38,278 INFO o.a.j.t.JMeterThread: Thread is done: ROUTING_NUMBER 1-76
2023-07-18 20:06:38,278 INFO o.a.j.t.JMeterThread: Thread finished: ROUTING_NUMBER 1-76
2023-07-18 20:06:38,309 INFO o.a.j.t.JMeterThread: Thread is done: ROUTING_NUMBER 1-81
2023-07-18 20:06:38,309 INFO o.a.j.t.JMeterThread: Thread finished: ROUTING_NUMBER 1-81
2023-07-18 20:06:38,309 INFO o.a.j.t.JMeterThread: Thread is done: ROUTING_NUMBER 1-105
2023-07-18 20:06:38,309 INFO o.a.j.t.JMeterThread: Thread finished: ROUTING_NUMBER 1-105
2023-07-18 20:06:38,325 INFO o.a.j.t.JMeterThread: Thread is done: ROUTING_NUMBER 1-82
2023-07-18 20:06:38,325 INFO o.a.j.t.JMeterThread: Thread finished: ROUTING_NUMBER 1-82
2023-07-18 20:06:38,325 INFO o.a.j.t.JMeterThread: Thread is done: ROUTING_NUMBER 1-100
2023-07-18 20:06:38,325 INFO o.a.j.t.JMeterThread: Thread finished: ROUTING_NUMBER 1-100
2023-07-18 20:06:38,461 INFO o.a.j.t.JMeterThread: Thread is done: ROUTING_NUMBER 1-113
2023-07-18 20:06:38,461 INFO o.a.j.t.JMeterThread: Thread is done: ROUTING_NUMBER 1-90
2023-07-18 20:06:38,461 INFO o.a.j.t.JMeterThread: Thread finished: ROUTING_NUMBER 1-113
2023-07-18 20:06:38,463 INFO o.a.j.t.JMeterThread: Thread finished: ROUTING_NUMBER 1-90
2023-07-18 20:06:38,463 INFO o.a.j.t.JMeterThread: Thread is done: ROUTING_NUMBER 1-94
2023-07-18 20:06:38,463 INFO o.a.j.t.JMeterThread: Thread finished: ROUTING_NUMBER 1-94
2023-07-18 20:06:38,463 INFO o.a.j.t.JMeterThread: Thread is done: ROUTING_NUMBER 1-45
2023-07-18 20:06:38,463 INFO o.a.j.t.JMeterThread: Thread is done: ROUTING_NUMBER 1-114
2023-07-18 20:06:38,463 INFO o.a.j.t.JMeterThread: Thread finished: ROUTING_NUMBER 1-114
2023-07-18 20:06:38,463 INFO o.a.j.t.JMeterThread: Thread finished: ROUTING_NUMBER 1-45
2023-07-18 20:06:38,468 INFO o.a.j.t.JMeterThread: Thread is done: ROUTING_NUMBER 1-9
2023-07-18 20:06:38,468 INFO o.a.j.t.JMeterThread: Thread finished: ROUTING_NUMBER 1-9
2023-07-18 20:06:38,468 INFO o.a.j.t.JMeterThread: Thread is done: ROUTING_NUMBER 1-39
2023-07-18 20:06:38,468 INFO o.a.j.t.JMeterThread: Thread finished: ROUTING_NUMBER 1-39
2023-07-18 20:06:38,484 INFO o.a.j.t.JMeterThread: Thread is done: ROUTING_NUMBER 1-107
2023-07-18 20:06:38,484 INFO o.a.j.t.JMeterThread: Thread finished: ROUTING_NUMBER 1-107
2023-07-18 20:06:38,515 INFO o.a.j.t.JMeterThread: Thread is done: ROUTING_NUMBER 1-98
2023-07-18 20:06:38,515 INFO o.a.j.t.JMeterThread: Thread finished: ROUTING_NUMBER 1-98
2023-07-18 20:06:38,515 INFO o.a.j.t.JMeterThread: Thread is done: ROUTING_NUMBER 1-88
2023-07-18 20:06:38,515 INFO o.a.j.t.JMeterThread: Thread finished: ROUTING_NUMBER 1-88
2023-07-18 20:06:38,515 INFO o.a.j.t.JMeterThread: Thread is done: ROUTING_NUMBER 1-75
2023-07-18 20:06:38,515 INFO o.a.j.t.JMeterThread: Thread finished: ROUTING_NUMBER 1-75
2023-07-18 20:06:38,515 INFO o.a.j.t.JMeterThread: Thread is done: ROUTING_NUMBER 1-92
2023-07-18 20:06:38,515 INFO o.a.j.t.JMeterThread: Thread finished: ROUTING_NUMBER 1-92
2023-07-18 20:06:38,515 INFO o.a.j.t.JMeterThread: Thread is done: ROUTING_NUMBER 1-89
2023-07-18 20:06:38,515 INFO o.a.j.t.JMeterThread: Thread finished: ROUTING_NUMBER 1-89
2023-07-18 20:06:38,515 INFO o.a.j.t.JMeterThread: Thread is done: ROUTING_NUMBER 1-80
2023-07-18 20:06:38,515 INFO o.a.j.t.JMeterThread: Thread finished: ROUTING_NUMBER 1-80
2023-07-18 20:06:38,542 INFO o.a.j.t.JMeterThread: Thread is done: ROUTING_NUMBER 1-93
2023-07-18 20:06:38,542 INFO o.a.j.t.JMeterThread: Thread finished: ROUTING_NUMBER 1-93
2023-07-18 20:06:38,547 INFO o.a.j.t.JMeterThread: Thread is done: ROUTING_NUMBER 1-116
2023-07-18 20:06:38,547 INFO o.a.j.t.JMeterThread: Thread finished: ROUTING_NUMBER 1-116
2023-07-18 20:06:38,547 INFO o.a.j.t.JMeterThread: Thread is done: ROUTING_NUMBER 1-119
2023-07-18 20:06:38,547 INFO o.a.j.t.JMeterThread: Thread finished: ROUTING_NUMBER 1-119
2023-07-18 20:06:38,547 INFO o.a.j.t.JMeterThread: Thread is done: ROUTING_NUMBER 1-106
2023-07-18 20:06:38,547 INFO o.a.j.t.JMeterThread: Thread is done: ROUTING_NUMBER 1-115
2023-07-18 20:06:38,547 INFO o.a.j.t.JMeterThread: Thread finished: ROUTING_NUMBER 1-115
2023-07-18 20:06:38,561 INFO o.a.j.t.JMeterThread: Thread finished: ROUTING_NUMBER 1-106
2023-07-18 20:06:38,564 INFO o.a.j.t.JMeterThread: Thread is done: ROUTING_NUMBER 1-127
2023-07-18 20:06:38,564 INFO o.a.j.t.JMeterThread: Thread is done: ROUTING_NUMBER 1-96
2023-07-18 20:06:38,564 INFO o.a.j.t.JMeterThread: Thread finished: ROUTING_NUMBER 1-96
2023-07-18 20:06:38,564 INFO o.a.j.t.JMeterThread: Thread finished: ROUTING_NUMBER 1-127
2023-07-18 20:06:38,564 INFO o.a.j.t.JMeterThread: Thread is done: ROUTING_NUMBER 1-121
2023-07-18 20:06:38,564 INFO o.a.j.t.JMeterThread: Thread finished: ROUTING_NUMBER 1-121
2023-07-18 20:06:38,566 INFO o.a.j.t.JMeterThread: Thread is done: ROUTING_NUMBER 1-120
2023-07-18 20:06:38,566 INFO o.a.j.t.JMeterThread: Thread finished: ROUTING_NUMBER 1-120
2023-07-18 20:06:38,566 INFO o.a.j.t.JMeterThread: Thread is done: ROUTING_NUMBER 1-123
2023-07-18 20:06:38,566 INFO o.a.j.t.JMeterThread: Thread finished: ROUTING_NUMBER 1-123
2023-07-18 20:06:38,566 INFO o.a.j.t.JMeterThread: Thread is done: ROUTING_NUMBER 1-97
2023-07-18 20:06:38,566 INFO o.a.j.t.JMeterThread: Thread finished: ROUTING_NUMBER 1-97
2023-07-18 20:06:38,596 INFO o.a.j.t.JMeterThread: Thread is done: ROUTING_NUMBER 1-95
2023-07-18 20:06:38,596 INFO o.a.j.t.JMeterThread: Thread finished: ROUTING_NUMBER 1-95
2023-07-18 20:06:38,596 INFO o.a.j.t.JMeterThread: Thread is done: ROUTING_NUMBER 1-99
2023-07-18 20:06:38,596 INFO o.a.j.t.JMeterThread: Thread finished: ROUTING_NUMBER 1-99
2023-07-18 20:06:38,596 INFO o.a.j.t.JMeterThread: Thread is done: ROUTING_NUMBER 1-85
2023-07-18 20:06:38,596 INFO o.a.j.t.JMeterThread: Thread finished: ROUTING_NUMBER 1-85
2023-07-18 20:06:38,627 INFO o.a.j.t.JMeterThread: Thread is done: ROUTING_NUMBER 1-66
2023-07-18 20:06:38,627 INFO o.a.j.t.JMeterThread: Thread finished: ROUTING_NUMBER 1-66
2023-07-18 20:06:38,648 INFO o.a.j.t.JMeterThread: Thread is done: ROUTING_NUMBER 1-141
2023-07-18 20:06:38,648 INFO o.a.j.t.JMeterThread: Thread finished: ROUTING_NUMBER 1-141
2023-07-18 20:06:38,648 INFO o.a.j.t.JMeterThread: Thread is done: ROUTING_NUMBER 1-55
2023-07-18 20:06:38,648 INFO o.a.j.t.JMeterThread: Thread finished: ROUTING_NUMBER 1-55
2023-07-18 20:06:38,648 INFO o.a.j.t.JMeterThread: Thread is done: ROUTING_NUMBER 1-188
2023-07-18 20:06:38,648 INFO o.a.j.t.JMeterThread: Thread finished: ROUTING_NUMBER 1-188
2023-07-18 20:06:38,648 INFO o.a.j.t.JMeterThread: Thread is done: ROUTING_NUMBER 1-144
2023-07-18 20:06:38,660 INFO o.a.j.t.JMeterThread: Thread finished: ROUTING_NUMBER 1-144
2023-07-18 20:06:38,660 INFO o.a.j.t.JMeterThread: Thread is done: ROUTING_NUMBER 1-136
2023-07-18 20:06:38,660 INFO o.a.j.t.JMeterThread: Thread finished: ROUTING_NUMBER 1-136
2023-07-18 20:06:38,660 INFO o.a.j.t.JMeterThread: Thread is done: ROUTING_NUMBER 1-135
2023-07-18 20:06:38,660 INFO o.a.j.t.JMeterThread: Thread finished: ROUTING_NUMBER 1-135
2023-07-18 20:06:38,675 INFO o.a.j.t.JMeterThread: Thread is done: ROUTING_NUMBER 1-181
2023-07-18 20:06:38,675 INFO o.a.j.t.JMeterThread: Thread finished: ROUTING_NUMBER 1-181
2023-07-18 20:06:38,675 INFO o.a.j.t.JMeterThread: Thread is done: ROUTING_NUMBER 1-162
2023-07-18 20:06:38,675 INFO o.a.j.t.JMeterThread: Thread finished: ROUTING_NUMBER 1-162
2023-07-18 20:06:38,675 INFO o.a.j.t.JMeterThread: Thread is done: ROUTING_NUMBER 1-58
2023-07-18 20:06:38,691 INFO o.a.j.t.JMeterThread: Thread is done: ROUTING_NUMBER 1-154
2023-07-18 20:06:38,691 INFO o.a.j.t.JMeterThread: Thread finished: ROUTING_NUMBER 1-154
2023-07-18 20:06:38,691 INFO o.a.j.t.JMeterThread: Thread finished: ROUTING_NUMBER 1-58
2023-07-18 20:06:38,691 INFO o.a.j.t.JMeterThread: Thread is done: ROUTING_NUMBER 1-166
2023-07-18 20:06:38,691 INFO o.a.j.t.JMeterThread: Thread finished: ROUTING_NUMBER 1-166
2023-07-18 20:06:38,691 INFO o.a.j.t.JMeterThread: Thread is done: ROUTING_NUMBER 1-151
2023-07-18 20:06:38,691 INFO o.a.j.t.JMeterThread: Thread finished: ROUTING_NUMBER 1-151
2023-07-18 20:06:38,691 INFO o.a.j.t.JMeterThread: Thread is done: ROUTING_NUMBER 1-104
2023-07-18 20:06:38,691 INFO o.a.j.t.JMeterThread: Thread finished: ROUTING_NUMBER 1-104
2023-07-18 20:06:38,707 INFO o.a.j.t.JMeterThread: Thread is done: ROUTING_NUMBER 1-147
2023-07-18 20:06:38,707 INFO o.a.j.t.JMeterThread: Thread finished: ROUTING_NUMBER 1-147
2023-07-18 20:06:38,707 INFO o.a.j.t.JMeterThread: Thread is done: ROUTING_NUMBER 1-84
2023-07-18 20:06:38,707 INFO o.a.j.t.JMeterThread: Thread finished: ROUTING_NUMBER 1-84
2023-07-18 20:06:38,707 INFO o.a.j.t.JMeterThread: Thread is done: ROUTING_NUMBER 1-180
2023-07-18 20:06:38,707 INFO o.a.j.t.JMeterThread: Thread finished: ROUTING_NUMBER 1-180
2023-07-18 20:06:38,722 INFO o.a.j.t.JMeterThread: Thread is done: ROUTING_NUMBER 1-142
2023-07-18 20:06:38,722 INFO o.a.j.t.JMeterThread: Thread is done: ROUTING_NUMBER 1-182
2023-07-18 20:06:38,722 INFO o.a.j.t.JMeterThread: Thread finished: ROUTING_NUMBER 1-182
2023-07-18 20:06:38,722 INFO o.a.j.t.JMeterThread: Thread finished: ROUTING_NUMBER 1-142
2023-07-18 20:06:38,731 INFO o.a.j.t.JMeterThread: Thread is done: ROUTING_NUMBER 1-189
2023-07-18 20:06:38,731 INFO o.a.j.t.JMeterThread: Thread finished: ROUTING_NUMBER 1-189
2023-07-18 20:06:38,731 INFO o.a.j.t.JMeterThread: Thread is done: ROUTING_NUMBER 1-160
2023-07-18 20:06:38,731 INFO o.a.j.t.JMeterThread: Thread finished: ROUTING_NUMBER 1-160
2023-07-18 20:06:38,731 INFO o.a.j.t.JMeterThread: Thread is done: ROUTING_NUMBER 1-170
2023-07-18 20:06:38,731 INFO o.a.j.t.JMeterThread: Thread finished: ROUTING_NUMBER 1-170
2023-07-18 20:06:38,742 INFO o.a.j.t.JMeterThread: Thread is done: ROUTING_NUMBER 1-198
2023-07-18 20:06:38,742 INFO o.a.j.t.JMeterThread: Thread finished: ROUTING_NUMBER 1-198
2023-07-18 20:06:38,742 INFO o.a.j.t.JMeterThread: Thread is done: ROUTING_NUMBER 1-190
2023-07-18 20:06:38,742 INFO o.a.j.t.JMeterThread: Thread finished: ROUTING_NUMBER 1-190
2023-07-18 20:06:38,746 INFO o.a.j.t.JMeterThread: Thread is done: ROUTING_NUMBER 1-193
2023-07-18 20:06:38,746 INFO o.a.j.t.JMeterThread: Thread is done: ROUTING_NUMBER 1-192
2023-07-18 20:06:38,746 INFO o.a.j.t.JMeterThread: Thread finished: ROUTING_NUMBER 1-193
2023-07-18 20:06:38,750 INFO o.a.j.t.JMeterThread: Thread finished: ROUTING_NUMBER 1-192
2023-07-18 20:06:38,750 INFO o.a.j.t.JMeterThread: Thread is done: ROUTING_NUMBER 1-171
2023-07-18 20:06:38,750 INFO o.a.j.t.JMeterThread: Thread is done: ROUTING_NUMBER 1-150
2023-07-18 20:06:38,750 INFO o.a.j.t.JMeterThread: Thread is done: ROUTING_NUMBER 1-191
2023-07-18 20:06:38,750 INFO o.a.j.t.JMeterThread: Thread finished: ROUTING_NUMBER 1-171
2023-07-18 20:06:38,755 INFO o.a.j.t.JMeterThread: Thread finished: ROUTING_NUMBER 1-191
2023-07-18 20:06:38,750 INFO o.a.j.t.JMeterThread: Thread finished: ROUTING_NUMBER 1-150
2023-07-18 20:06:38,755 INFO o.a.j.t.JMeterThread: Thread is done: ROUTING_NUMBER 1-194
2023-07-18 20:06:38,755 INFO o.a.j.t.JMeterThread: Thread finished: ROUTING_NUMBER 1-194
2023-07-18 20:06:38,755 INFO o.a.j.t.JMeterThread: Thread is done: ROUTING_NUMBER 1-159
2023-07-18 20:06:38,755 INFO o.a.j.t.JMeterThread: Thread finished: ROUTING_NUMBER 1-159
2023-07-18 20:06:38,771 INFO o.a.j.t.JMeterThread: Thread is done: ROUTING_NUMBER 1-179
2023-07-18 20:06:38,771 INFO o.a.j.t.JMeterThread: Thread finished: ROUTING_NUMBER 1-179
2023-07-18 20:06:38,771 INFO o.a.j.t.JMeterThread: Thread is done: ROUTING_NUMBER 1-175
2023-07-18 20:06:38,771 INFO o.a.j.t.JMeterThread: Thread finished: ROUTING_NUMBER 1-175
2023-07-18 20:06:38,771 INFO o.a.j.t.JMeterThread: Thread is done: ROUTING_NUMBER 1-103
2023-07-18 20:06:38,771 INFO o.a.j.t.JMeterThread: Thread is done: ROUTING_NUMBER 1-167
2023-07-18 20:06:38,779 INFO o.a.j.t.JMeterThread: Thread finished: ROUTING_NUMBER 1-167
2023-07-18 20:06:38,771 INFO o.a.j.t.JMeterThread: Thread is done: ROUTING_NUMBER 1-185
2023-07-18 20:06:38,779 INFO o.a.j.t.JMeterThread: Thread finished: ROUTING_NUMBER 1-103
2023-07-18 20:06:38,779 INFO o.a.j.t.JMeterThread: Thread finished: ROUTING_NUMBER 1-185
2023-07-18 20:06:38,779 INFO o.a.j.t.JMeterThread: Thread is done: ROUTING_NUMBER 1-200
2023-07-18 20:06:38,779 INFO o.a.j.t.JMeterThread: Thread finished: ROUTING_NUMBER 1-200
2023-07-18 20:06:38,779 INFO o.a.j.t.JMeterThread: Thread is done: ROUTING_NUMBER 1-196
2023-07-18 20:06:38,779 INFO o.a.j.t.JMeterThread: Thread finished: ROUTING_NUMBER 1-196
2023-07-18 20:06:38,794 INFO o.a.j.t.JMeterThread: Thread is done: ROUTING_NUMBER 1-102
2023-07-18 20:06:38,794 INFO o.a.j.t.JMeterThread: Thread finished: ROUTING_NUMBER 1-102
2023-07-18 20:06:38,794 INFO o.a.j.t.JMeterThread: Thread is done: ROUTING_NUMBER 1-65
2023-07-18 20:06:38,794 INFO o.a.j.t.JMeterThread: Thread finished: ROUTING_NUMBER 1-65
2023-07-18 20:06:38,794 INFO o.a.j.t.JMeterThread: Thread is done: ROUTING_NUMBER 1-131
2023-07-18 20:06:38,794 INFO o.a.j.t.JMeterThread: Thread is done: ROUTING_NUMBER 1-31
2023-07-18 20:06:38,794 INFO o.a.j.t.JMeterThread: Thread finished: ROUTING_NUMBER 1-31
2023-07-18 20:06:38,794 INFO o.a.j.t.JMeterThread: Thread finished: ROUTING_NUMBER 1-131
2023-07-18 20:06:38,804 INFO o.a.j.t.JMeterThread: Thread is done: ROUTING_NUMBER 1-195
2023-07-18 20:06:38,804 INFO o.a.j.t.JMeterThread: Thread finished: ROUTING_NUMBER 1-195
2023-07-18 20:06:38,804 INFO o.a.j.t.JMeterThread: Thread is done: ROUTING_NUMBER 1-197
2023-07-18 20:06:38,804 INFO o.a.j.t.JMeterThread: Thread finished: ROUTING_NUMBER 1-197
2023-07-18 20:06:38,804 INFO o.a.j.t.JMeterThread: Thread is done: ROUTING_NUMBER 1-199
2023-07-18 20:06:38,804 INFO o.a.j.t.JMeterThread: Thread finished: ROUTING_NUMBER 1-199
2023-07-18 20:06:38,804 INFO o.a.j.t.JMeterThread: Thread is done: ROUTING_NUMBER 1-134
2023-07-18 20:06:38,813 INFO o.a.j.t.JMeterThread: Thread finished: ROUTING_NUMBER 1-134
2023-07-18 20:06:38,813 INFO o.a.j.t.JMeterThread: Thread is done: ROUTING_NUMBER 1-101
2023-07-18 20:06:38,813 INFO o.a.j.t.JMeterThread: Thread finished: ROUTING_NUMBER 1-101
2023-07-18 20:06:38,813 INFO o.a.j.t.JMeterThread: Thread is done: ROUTING_NUMBER 1-183
2023-07-18 20:06:38,813 INFO o.a.j.t.JMeterThread: Thread finished: ROUTING_NUMBER 1-183
2023-07-18 20:06:38,829 INFO o.a.j.t.JMeterThread: Thread is done: ROUTING_NUMBER 1-187
2023-07-18 20:06:38,829 INFO o.a.j.t.JMeterThread: Thread finished: ROUTING_NUMBER 1-187
2023-07-18 20:06:38,829 INFO o.a.j.t.JMeterThread: Thread is done: ROUTING_NUMBER 1-108
2023-07-18 20:06:38,829 INFO o.a.j.t.JMeterThread: Thread finished: ROUTING_NUMBER 1-108
2023-07-18 20:06:38,829 INFO o.a.j.t.JMeterThread: Thread is done: ROUTING_NUMBER 1-130
2023-07-18 20:06:38,829 INFO o.a.j.t.JMeterThread: Thread finished: ROUTING_NUMBER 1-130
2023-07-18 20:06:38,839 INFO o.a.j.t.JMeterThread: Thread is done: ROUTING_NUMBER 1-124
2023-07-18 20:06:38,839 INFO o.a.j.t.JMeterThread: Thread finished: ROUTING_NUMBER 1-124
2023-07-18 20:06:38,839 INFO o.a.j.t.JMeterThread: Thread is done: ROUTING_NUMBER 1-186
2023-07-18 20:06:38,839 INFO o.a.j.t.JMeterThread: Thread finished: ROUTING_NUMBER 1-186
2023-07-18 20:06:38,839 INFO o.a.j.t.JMeterThread: Thread is done: ROUTING_NUMBER 1-172
2023-07-18 20:06:38,839 INFO o.a.j.t.JMeterThread: Thread finished: ROUTING_NUMBER 1-172
2023-07-18 20:06:38,843 INFO o.a.j.t.JMeterThread: Thread is done: ROUTING_NUMBER 1-111
2023-07-18 20:06:38,850 INFO o.a.j.t.JMeterThread: Thread finished: ROUTING_NUMBER 1-111
2023-07-18 20:06:38,843 INFO o.a.j.t.JMeterThread: Thread is done: ROUTING_NUMBER 1-178
2023-07-18 20:06:38,843 INFO o.a.j.t.JMeterThread: Thread is done: ROUTING_NUMBER 1-176
2023-07-18 20:06:38,850 INFO o.a.j.t.JMeterThread: Thread finished: ROUTING_NUMBER 1-176
2023-07-18 20:06:38,850 INFO o.a.j.t.JMeterThread: Thread finished: ROUTING_NUMBER 1-178
2023-07-18 20:06:38,929 INFO o.a.j.t.JMeterThread: Thread is done: ROUTING_NUMBER 1-164
2023-07-18 20:06:38,929 INFO o.a.j.t.JMeterThread: Thread finished: ROUTING_NUMBER 1-164
2023-07-18 20:06:38,929 INFO o.a.j.t.JMeterThread: Thread is done: ROUTING_NUMBER 1-184
2023-07-18 20:06:38,929 INFO o.a.j.t.JMeterThread: Thread finished: ROUTING_NUMBER 1-184
2023-07-18 20:06:38,945 INFO o.a.j.t.JMeterThread: Thread is done: ROUTING_NUMBER 1-138
2023-07-18 20:06:38,945 INFO o.a.j.t.JMeterThread: Thread finished: ROUTING_NUMBER 1-138
2023-07-18 20:06:38,945 INFO o.a.j.t.JMeterThread: Thread is done: ROUTING_NUMBER 1-174
2023-07-18 20:06:38,951 INFO o.a.j.t.JMeterThread: Thread finished: ROUTING_NUMBER 1-174
2023-07-18 20:06:38,951 INFO o.a.j.t.JMeterThread: Thread is done: ROUTING_NUMBER 1-133
2023-07-18 20:06:38,951 INFO o.a.j.t.JMeterThread: Thread finished: ROUTING_NUMBER 1-133
2023-07-18 20:06:38,951 INFO o.a.j.t.JMeterThread: Thread is done: ROUTING_NUMBER 1-137
2023-07-18 20:06:38,951 INFO o.a.j.t.JMeterThread: Thread finished: ROUTING_NUMBER 1-137
2023-07-18 20:06:38,951 INFO o.a.j.t.JMeterThread: Thread is done: ROUTING_NUMBER 1-70
2023-07-18 20:06:38,951 INFO o.a.j.t.JMeterThread: Thread finished: ROUTING_NUMBER 1-70
2023-07-18 20:06:38,967 INFO o.a.j.t.JMeterThread: Thread is done: ROUTING_NUMBER 1-139
2023-07-18 20:06:38,967 INFO o.a.j.t.JMeterThread: Thread finished: ROUTING_NUMBER 1-139
2023-07-18 20:06:38,967 INFO o.a.j.t.JMeterThread: Thread is done: ROUTING_NUMBER 1-112
2023-07-18 20:06:38,967 INFO o.a.j.t.JMeterThread: Thread finished: ROUTING_NUMBER 1-112
2023-07-18 20:06:38,967 INFO o.a.j.t.JMeterThread: Thread is done: ROUTING_NUMBER 1-126
2023-07-18 20:06:38,970 INFO o.a.j.t.JMeterThread: Thread finished: ROUTING_NUMBER 1-126
2023-07-18 20:06:38,970 INFO o.a.j.t.JMeterThread: Thread is done: ROUTING_NUMBER 1-168
2023-07-18 20:06:38,970 INFO o.a.j.t.JMeterThread: Thread finished: ROUTING_NUMBER 1-168
2023-07-18 20:06:38,970 INFO o.a.j.t.JMeterThread: Thread is done: ROUTING_NUMBER 1-140
2023-07-18 20:06:38,970 INFO o.a.j.t.JMeterThread: Thread finished: ROUTING_NUMBER 1-140
2023-07-18 20:06:38,970 INFO o.a.j.t.JMeterThread: Thread is done: ROUTING_NUMBER 1-125
2023-07-18 20:06:38,970 INFO o.a.j.t.JMeterThread: Thread finished: ROUTING_NUMBER 1-125
2023-07-18 20:06:38,986 INFO o.a.j.t.JMeterThread: Thread is done: ROUTING_NUMBER 1-132
2023-07-18 20:06:38,986 INFO o.a.j.t.JMeterThread: Thread finished: ROUTING_NUMBER 1-132
2023-07-18 20:06:38,986 INFO o.a.j.t.JMeterThread: Thread is done: ROUTING_NUMBER 1-110
2023-07-18 20:06:38,986 INFO o.a.j.t.JMeterThread: Thread finished: ROUTING_NUMBER 1-110
2023-07-18 20:06:38,986 INFO o.a.j.t.JMeterThread: Thread is done: ROUTING_NUMBER 1-109
2023-07-18 20:06:38,986 INFO o.a.j.t.JMeterThread: Thread is done: ROUTING_NUMBER 1-163
2023-07-18 20:06:38,986 INFO o.a.j.t.JMeterThread: Thread finished: ROUTING_NUMBER 1-163
2023-07-18 20:06:38,986 INFO o.a.j.t.JMeterThread: Thread finished: ROUTING_NUMBER 1-109
2023-07-18 20:06:38,994 INFO o.a.j.t.JMeterThread: Thread is done: ROUTING_NUMBER 1-128
2023-07-18 20:06:38,994 INFO o.a.j.t.JMeterThread: Thread finished: ROUTING_NUMBER 1-128
2023-07-18 20:06:38,994 INFO o.a.j.t.JMeterThread: Thread is done: ROUTING_NUMBER 1-122
2023-07-18 20:06:38,998 INFO o.a.j.t.JMeterThread: Thread finished: ROUTING_NUMBER 1-122
2023-07-18 20:06:38,998 INFO o.a.j.t.JMeterThread: Thread is done: ROUTING_NUMBER 1-118
2023-07-18 20:06:38,998 INFO o.a.j.t.JMeterThread: Thread finished: ROUTING_NUMBER 1-118
2023-07-18 20:06:38,998 INFO o.a.j.t.JMeterThread: Thread is done: ROUTING_NUMBER 1-71
2023-07-18 20:06:38,998 INFO o.a.j.t.JMeterThread: Thread finished: ROUTING_NUMBER 1-71
2023-07-18 20:06:38,998 INFO o.a.j.t.JMeterThread: Thread is done: ROUTING_NUMBER 1-157
2023-07-18 20:06:38,998 INFO o.a.j.t.JMeterThread: Thread finished: ROUTING_NUMBER 1-157
2023-07-18 20:06:38,998 INFO o.a.j.t.JMeterThread: Thread is done: ROUTING_NUMBER 1-158
2023-07-18 20:06:38,998 INFO o.a.j.t.JMeterThread: Thread finished: ROUTING_NUMBER 1-158
2023-07-18 20:06:38,998 INFO o.a.j.t.JMeterThread: Thread is done: ROUTING_NUMBER 1-161
2023-07-18 20:06:39,007 INFO o.a.j.t.JMeterThread: Thread finished: ROUTING_NUMBER 1-161
2023-07-18 20:06:39,007 INFO o.a.j.t.JMeterThread: Thread is done: ROUTING_NUMBER 1-156
2023-07-18 20:06:39,007 INFO o.a.j.t.JMeterThread: Thread finished: ROUTING_NUMBER 1-156
2023-07-18 20:06:39,007 INFO o.a.j.t.JMeterThread: Thread is done: ROUTING_NUMBER 1-149
2023-07-18 20:06:39,007 INFO o.a.j.t.JMeterThread: Thread finished: ROUTING_NUMBER 1-149
2023-07-18 20:06:39,023 INFO o.a.j.t.JMeterThread: Thread is done: ROUTING_NUMBER 1-169
2023-07-18 20:06:39,023 INFO o.a.j.t.JMeterThread: Thread finished: ROUTING_NUMBER 1-169
2023-07-18 20:06:39,023 INFO o.a.j.t.JMeterThread: Thread is done: ROUTING_NUMBER 1-148
2023-07-18 20:06:39,023 INFO o.a.j.t.JMeterThread: Thread finished: ROUTING_NUMBER 1-148
2023-07-18 20:06:39,023 INFO o.a.j.t.JMeterThread: Thread is done: ROUTING_NUMBER 1-91
2023-07-18 20:06:39,023 INFO o.a.j.t.JMeterThread: Thread finished: ROUTING_NUMBER 1-91
2023-07-18 20:06:39,023 INFO o.a.j.t.JMeterThread: Thread is done: ROUTING_NUMBER 1-14
2023-07-18 20:06:39,023 INFO o.a.j.t.JMeterThread: Thread finished: ROUTING_NUMBER 1-14
2023-07-18 20:06:39,023 INFO o.a.j.t.JMeterThread: Thread is done: ROUTING_NUMBER 1-146
2023-07-18 20:06:39,023 INFO o.a.j.t.JMeterThread: Thread finished: ROUTING_NUMBER 1-146
2023-07-18 20:06:39,023 INFO o.a.j.t.JMeterThread: Thread is done: ROUTING_NUMBER 1-177
2023-07-18 20:06:39,031 INFO o.a.j.t.JMeterThread: Thread finished: ROUTING_NUMBER 1-177
2023-07-18 20:06:39,023 INFO o.a.j.t.JMeterThread: Thread is done: ROUTING_NUMBER 1-165
2023-07-18 20:06:39,023 INFO o.a.j.t.JMeterThread: Thread is done: ROUTING_NUMBER 1-129
2023-07-18 20:06:39,031 INFO o.a.j.t.JMeterThread: Thread finished: ROUTING_NUMBER 1-165
2023-07-18 20:06:39,031 INFO o.a.j.t.JMeterThread: Thread finished: ROUTING_NUMBER 1-129
2023-07-18 20:06:39,031 INFO o.a.j.t.JMeterThread: Thread is done: ROUTING_NUMBER 1-60
2023-07-18 20:06:39,031 INFO o.a.j.t.JMeterThread: Thread finished: ROUTING_NUMBER 1-60
2023-07-18 20:06:39,031 INFO o.a.j.t.JMeterThread: Thread is done: ROUTING_NUMBER 1-32
2023-07-18 20:06:39,031 INFO o.a.j.t.JMeterThread: Thread finished: ROUTING_NUMBER 1-32
2023-07-18 20:06:39,031 INFO o.a.j.t.JMeterThread: Thread is done: ROUTING_NUMBER 1-153
2023-07-18 20:06:39,031 INFO o.a.j.t.JMeterThread: Thread finished: ROUTING_NUMBER 1-153
2023-07-18 20:06:39,043 INFO o.a.j.t.JMeterThread: Thread is done: ROUTING_NUMBER 1-143
2023-07-18 20:06:39,043 INFO o.a.j.t.JMeterThread: Thread finished: ROUTING_NUMBER 1-143
2023-07-18 20:06:39,043 INFO o.a.j.t.JMeterThread: Thread is done: ROUTING_NUMBER 1-155
2023-07-18 20:06:39,043 INFO o.a.j.t.JMeterThread: Thread finished: ROUTING_NUMBER 1-155
2023-07-18 20:06:39,047 INFO o.a.j.t.JMeterThread: Thread is done: ROUTING_NUMBER 1-152
2023-07-18 20:06:39,047 INFO o.a.j.t.JMeterThread: Thread is done: ROUTING_NUMBER 1-145
2023-07-18 20:06:39,058 INFO o.a.j.t.JMeterThread: Thread finished: ROUTING_NUMBER 1-152
2023-07-18 20:06:39,058 INFO o.a.j.t.JMeterThread: Thread finished: ROUTING_NUMBER 1-145
2023-07-18 20:06:39,215 INFO o.a.j.t.JMeterThread: Thread is done: ROUTING_NUMBER 1-173
2023-07-18 20:06:39,215 INFO o.a.j.t.JMeterThread: Thread finished: ROUTING_NUMBER 1-173
2023-07-18 20:06:39,343 INFO o.a.j.t.JMeterThread: Thread is done: ROUTING_NUMBER 1-117
2023-07-18 20:06:39,343 INFO o.a.j.t.JMeterThread: Thread finished: ROUTING_NUMBER 1-117
2023-07-18 20:06:40,551 INFO o.a.j.t.JMeterThread: Thread is done: ROUTING_NUMBER 1-12
2023-07-18 20:06:40,551 INFO o.a.j.t.JMeterThread: Thread finished: ROUTING_NUMBER 1-12
2023-07-18 20:06:40,551 INFO o.a.j.t.JMeterThread: Thread is done: ROUTING_NUMBER 1-52
2023-07-18 20:06:40,551 INFO o.a.j.t.JMeterThread: Thread finished: ROUTING_NUMBER 1-52
2023-07-18 20:06:40,551 INFO o.a.j.e.StandardJMeterEngine: Notifying test listeners of end of test
2023-07-18 20:06:40,551 INFO o.a.j.r.Summariser: summary =    400 in 00:00:04 =  112.0/s Avg:   519 Min:    94 Max:  3294 Err:     0 (0.00%)
2023-07-18 20:06:40,551 INFO o.a.j.JMeter: Generating Dashboard
2023-07-18 20:06:40,551 INFO o.a.j.r.d.ReportGenerator: Flushing result collector before report Generation
2023-07-18 20:06:40,566 INFO o.a.j.r.p.NormalizerSampleConsumer: Using format, 'ms', to parse timeStamp field
2023-07-18 20:06:40,676 INFO o.a.j.r.p.AbstractSampleConsumer: class org.apache.jmeter.report.processor.AggregateConsumer#stopProducing(): beginDate produced 0 samples
2023-07-18 20:06:40,676 INFO o.a.j.r.p.AbstractSampleConsumer: class org.apache.jmeter.report.processor.AggregateConsumer#stopProducing(): endDate produced 0 samples
2023-07-18 20:06:40,692 INFO o.a.j.r.p.AbstractSampleConsumer: class org.apache.jmeter.report.processor.ApdexSummaryConsumer#stopProducing(): apdexSummary produced 0 samples
2023-07-18 20:06:40,692 INFO o.a.j.r.p.AbstractSampleConsumer: class org.apache.jmeter.report.processor.RequestsSummaryConsumer#stopProducing(): requestsSummary produced 0 samples
2023-07-18 20:06:40,692 INFO o.a.j.r.p.AbstractSampleConsumer: class org.apache.jmeter.report.processor.StatisticsSummaryConsumer#stopProducing(): statisticsSummary produced 0 samples
2023-07-18 20:06:40,692 INFO o.a.j.r.p.AbstractSampleConsumer: class org.apache.jmeter.report.processor.Top5ErrorsBySamplerConsumer#stopProducing(): top5ErrorsBySampler produced 0 samples
2023-07-18 20:06:40,692 INFO o.a.j.r.p.AbstractSampleConsumer: class org.apache.jmeter.report.processor.ErrorsSummaryConsumer#stopProducing(): errorsSummary produced 0 samples
2023-07-18 20:06:40,692 INFO o.a.j.r.p.AbstractSampleConsumer: class org.apache.jmeter.report.processor.graph.impl.HitsPerSecondGraphConsumer#stopProducing(): hitsPerSecond produced 0 samples
2023-07-18 20:06:40,723 INFO o.a.j.r.p.AbstractSampleConsumer: class org.apache.jmeter.report.processor.graph.impl.LatencyVSRequestGraphConsumer#stopProducing(): latencyVsRequest produced 0 samples
2023-07-18 20:06:40,723 INFO o.a.j.r.p.AbstractSampleConsumer: class org.apache.jmeter.report.processor.graph.impl.SyntheticResponseTimeDistributionGraphConsumer#stopProducing(): syntheticResponseTimeDistribution produced 0 samples
2023-07-18 20:06:40,723 INFO o.a.j.r.p.AbstractSampleConsumer: class org.apache.jmeter.report.processor.graph.impl.BytesThroughputGraphConsumer#stopProducing(): bytesThroughputOverTime produced 0 samples
2023-07-18 20:06:40,723 INFO o.a.j.r.p.AbstractSampleConsumer: class org.apache.jmeter.report.processor.graph.impl.CodesPerSecondGraphConsumer#stopProducing(): codesPerSecond produced 0 samples
2023-07-18 20:06:40,739 INFO o.a.j.r.p.AbstractSampleConsumer: class org.apache.jmeter.report.processor.graph.impl.ResponseTimeVSRequestGraphConsumer#stopProducing(): responseTimeVsRequest produced 0 samples
2023-07-18 20:06:40,739 INFO o.a.j.r.p.AbstractSampleConsumer: class org.apache.jmeter.report.processor.FilterConsumer#stopProducing(): startIntervalControlerFilter produced 2800 samples
2023-07-18 20:06:40,739 INFO o.a.j.r.p.AbstractSampleConsumer: class org.apache.jmeter.report.processor.graph.impl.TotalTPSGraphConsumer#stopProducing(): totalTPS produced 0 samples
2023-07-18 20:06:40,739 INFO o.a.j.r.p.AbstractSampleConsumer: class org.apache.jmeter.report.processor.graph.impl.ActiveThreadsGraphConsumer#stopProducing(): activeThreadsOverTime produced 0 samples
2023-07-18 20:06:40,739 INFO o.a.j.r.p.AbstractSampleConsumer: class org.apache.jmeter.report.processor.graph.impl.TimeVSThreadGraphConsumer#stopProducing(): timeVsThreads produced 0 samples
2023-07-18 20:06:40,739 INFO o.a.j.r.p.AbstractSampleConsumer: class org.apache.jmeter.report.processor.graph.impl.ResponseTimeDistributionGraphConsumer#stopProducing(): responseTimeDistribution produced 0 samples
2023-07-18 20:06:40,739 INFO o.a.j.r.p.AbstractSampleConsumer: class org.apache.jmeter.report.processor.graph.impl.TransactionsPerSecondGraphConsumer#stopProducing(): transactionsPerSecond produced 0 samples
2023-07-18 20:06:40,739 INFO o.a.j.r.p.AbstractSampleConsumer: class org.apache.jmeter.report.processor.graph.impl.ResponseTimePercentilesGraphConsumer#stopProducing(): responseTimePercentiles produced 0 samples
2023-07-18 20:06:40,739 INFO o.a.j.r.p.AbstractSampleConsumer: class org.apache.jmeter.report.processor.graph.impl.ResponseTimePercentilesOverTimeGraphConsumer#stopProducing(): responseTimePercentilesOverTime produced 0 samples
2023-07-18 20:06:40,739 INFO o.a.j.r.p.AbstractSampleConsumer: class org.apache.jmeter.report.processor.graph.impl.ResponseTimeOverTimeGraphConsumer#stopProducing(): responseTimesOverTime produced 0 samples
2023-07-18 20:06:40,739 INFO o.a.j.r.p.AbstractSampleConsumer: class org.apache.jmeter.report.processor.graph.impl.ConnectTimeOverTimeGraphConsumer#stopProducing(): connectTimeOverTime produced 0 samples
2023-07-18 20:06:40,739 INFO o.a.j.r.p.AbstractSampleConsumer: class org.apache.jmeter.report.processor.graph.impl.LatencyOverTimeGraphConsumer#stopProducing(): latenciesOverTime produced 0 samples
2023-07-18 20:06:40,739 INFO o.a.j.r.p.AbstractSampleConsumer: class org.apache.jmeter.report.processor.FilterConsumer#stopProducing(): nameFilter produced 6000 samples
2023-07-18 20:06:40,739 INFO o.a.j.r.p.AbstractSampleConsumer: class org.apache.jmeter.report.processor.FilterConsumer#stopProducing(): dateRangeFilter produced 1200 samples
2023-07-18 20:06:40,739 INFO o.a.j.r.p.AbstractSampleConsumer: class org.apache.jmeter.report.processor.NormalizerSampleConsumer#stopProducing(): normalizer produced 400 samples
2023-07-18 20:06:40,739 INFO o.a.j.r.p.CsvFileSampleSource: produce(): 400 samples produced in 157ms on channel 0
2023-07-18 20:06:40,739 INFO o.a.j.r.d.ReportGenerator: Exporting data using exporter:'json' of className:'org.apache.jmeter.report.dashboard.JsonExporter'
2023-07-18 20:06:40,833 INFO o.a.j.r.d.JsonExporter: Found data for consumer statisticsSummaryin context
2023-07-18 20:06:40,833 INFO o.a.j.r.d.JsonExporter: Creating statistics for overall
2023-07-18 20:06:40,833 INFO o.a.j.r.d.JsonExporter: Creating statistics for other transactions
2023-07-18 20:06:40,833 INFO o.a.j.r.d.JsonExporter: Checking output folder
2023-07-18 20:06:40,833 INFO o.a.j.r.d.JsonExporter: Writing statistics JSON to C:\Users\rigob\Documents\RoatingResults\dashboard_result\reportsQA200\statistics.json
2023-07-18 20:06:40,865 INFO o.a.j.r.d.ReportGenerator: Exporting data using exporter:'html' of className:'org.apache.jmeter.report.dashboard.HtmlTemplateExporter'
2023-07-18 20:06:40,865 INFO o.a.j.r.d.HtmlTemplateExporter: Will generate dashboard in folder: C:\Users\rigob\Documents\RoatingResults\dashboard_result\reportsQA200
2023-07-18 20:06:40,954 INFO o.a.j.r.d.HtmlTemplateExporter: Report will be generated in: C:\Users\rigob\Documents\RoatingResults\dashboard_result\reportsQA200, creating folder structure
2023-07-18 20:06:40,954 INFO o.a.j.r.d.TemplateVisitor: Copying folder from 'C:\Users\rigob\Documents\Instalados\apache-jmeter-5.5\bin\report-template' to 'C:\Users\rigob\Documents\RoatingResults\dashboard_result\reportsQA200', got message: C:\Users\rigob\Documents\RoatingResults\dashboard_result\reportsQA200, found non empty folder with following content [C:\Users\rigob\Documents\RoatingResults\dashboard_result\reportsQA200\statistics.json], will be ignored
2023-07-18 20:06:41,196 INFO o.a.j.JMeter: Dashboard generated
